0 info it worked if it ends with ok
1 verbose cli [ 'C:\\Users\\BVorobev\\IdeaProjects\\prjct\\src\\main\\resources\\oauthApp\\node\\node.exe',
1 verbose cli   'C:\\Users\\BVorobev\\IdeaProjects\\prjct\\src\\main\\resources\\oauthApp\\node\\node_modules\\npm\\bin\\npm-cli.js',
1 verbose cli   'run',
1 verbose cli   'build' ]
2 info using npm@3.10.10
3 info using node@v6.10.2
4 verbose run-script [ 'prebuild', 'build', 'postbuild' ]
5 info lifecycle oauth-app@0.0.0~prebuild: oauth-app@0.0.0
6 silly lifecycle oauth-app@0.0.0~prebuild: no script for prebuild, continuing
7 info lifecycle oauth-app@0.0.0~build: oauth-app@0.0.0
8 verbose lifecycle oauth-app@0.0.0~build: unsafe-perm in lifecycle true
9 verbose lifecycle oauth-app@0.0.0~build: PATH: C:\Users\BVorobev\IdeaProjects\prjct\src\main\resources\oauthApp\node\node_modules\npm\bin\node-gyp-bin;C:\Users\BVorobev\IdeaProjects\prjct\src\main\resources\oauthApp\node_modules\.bin;C:\Users\BVorobev\IdeaProjects\prjct\src\main\resources\oauthApp\node;C:\ProgramData\Oracle\Java\javapath;C:\windows\system32;C:\windows;C:\windows\System32\Wbem;C:\windows\System32\WindowsPowerShell\v1.0\;C:\windows\System32\OpenSSH\;C:\Program Files\TortoiseSVN\bin;C:\Program Files\Git\cmd;C:\Program Files\nodejs\;C:\Users\BVorobev\AppData\Local\Microsoft\WindowsApps;C:\Users\BVorobev\AppData\Local\Programs\Microsoft VS Code\bin;C:\Program Files\JetBrains\IntelliJ IDEA 2019.1.4\bin;;C:\Users\BVorobev\AppData\Roaming\npm;C:\Program Files\apache-maven-3.6.3\bin;;
10 verbose lifecycle oauth-app@0.0.0~build: CWD: C:\Users\BVorobev\IdeaProjects\prjct\src\main\resources\oauthApp
11 silly lifecycle oauth-app@0.0.0~build: Args: [ '/d /s /c', 'ng build' ]
12 silly lifecycle oauth-app@0.0.0~build: Returned: code: 3  signal: null
13 info lifecycle oauth-app@0.0.0~build: Failed to exec build script
14 verbose stack Error: oauth-app@0.0.0 build: `ng build`
14 verbose stack Exit status 3
14 verbose stack     at EventEmitter.<anonymous> (C:\Users\BVorobev\IdeaProjects\prjct\src\main\resources\oauthApp\node\node_modules\npm\lib\utils\lifecycle.js:255:16)
14 verbose stack     at emitTwo (events.js:106:13)
14 verbose stack     at EventEmitter.emit (events.js:191:7)
14 verbose stack     at ChildProcess.<anonymous> (C:\Users\BVorobev\IdeaProjects\prjct\src\main\resources\oauthApp\node\node_modules\npm\lib\utils\spawn.js:40:14)
14 verbose stack     at emitTwo (events.js:106:13)
14 verbose stack     at ChildProcess.emit (events.js:191:7)
14 verbose stack     at maybeClose (internal/child_process.js:886:16)
14 verbose stack     at Process.ChildProcess._handle.onexit (internal/child_process.js:226:5)
15 verbose pkgid oauth-app@0.0.0
16 verbose cwd C:\Users\BVorobev\IdeaProjects\prjct\src\main\resources\oauthApp
17 error Windows_NT 10.0.18363
18 error argv "C:\\Users\\BVorobev\\IdeaProjects\\prjct\\src\\main\\resources\\oauthApp\\node\\node.exe" "C:\\Users\\BVorobev\\IdeaProjects\\prjct\\src\\main\\resources\\oauthApp\\node\\node_modules\\npm\\bin\\npm-cli.js" "run" "build"
19 error node v6.10.2
20 error npm  v3.10.10
21 error code ELIFECYCLE
22 error oauth-app@0.0.0 build: `ng build`
22 error Exit status 3
23 error Failed at the oauth-app@0.0.0 build script 'ng build'.
23 error Make sure you have the latest version of node.js and npm installed.
23 error If you do, this is most likely a problem with the oauth-app package,
23 error not with npm itself.
23 error Tell the author that this fails on your system:
23 error     ng build
23 error You can get information on how to open an issue for this project with:
23 error     npm bugs oauth-app
23 error Or if that isn't available, you can get their info via:
23 error     npm owner ls oauth-app
23 error There is likely additional logging output above.
24 verbose exit [ 1, true ]
